<?xml version="1.0" encoding="UTF-8"?>
<testng-results ignored="0" total="1" passed="1" failed="0" skipped="0">
  <reporter-output>
  </reporter-output>
  <suite started-at="2022-05-28T10:23:40 IST" name="Default suite" finished-at="2022-05-28T10:23:40 IST" duration-ms="77">
    <groups>
    </groups>
    <test started-at="2022-05-28T10:23:40 IST" name="Default test" finished-at="2022-05-28T10:23:40 IST" duration-ms="77">
      <class name="Genral_program.Data_Driven_frameworkTest">
        <test-method is-config="true" signature="setup()[pri:0, instance:Genral_program.Data_Driven_frameworkTest@34f5090e]" started-at="2022-05-28T10:23:40 IST" name="setup" finished-at="2022-05-28T10:23:40 IST" duration-ms="11" status="PASS">
          <reporter-output>
          </reporter-output>
        </test-method> <!-- setup -->
        <test-method is-config="true" signature="login()[pri:0, instance:Genral_program.Data_Driven_frameworkTest@34f5090e]" started-at="2022-05-28T10:23:40 IST" name="login" finished-at="2022-05-28T10:23:40 IST" duration-ms="2" status="PASS">
          <reporter-output>
          </reporter-output>
        </test-method> <!-- login -->
        <test-method is-config="true" signature="launchBrowser()[pri:0, instance:Genral_program.Data_Driven_frameworkTest@34f5090e]" started-at="2022-05-28T10:23:40 IST" name="launchBrowser" finished-at="2022-05-28T10:23:40 IST" duration-ms="0" status="PASS">
          <reporter-output>
          </reporter-output>
        </test-method> <!-- launchBrowser -->
        <test-method is-config="true" signature="enterURL()[pri:0, instance:Genral_program.Data_Driven_frameworkTest@34f5090e]" started-at="2022-05-28T10:23:40 IST" name="enterURL" finished-at="2022-05-28T10:23:40 IST" duration-ms="1" status="PASS">
          <reporter-output>
          </reporter-output>
        </test-method> <!-- enterURL -->
        <test-method signature="googleTitleTest()[pri:0, instance:Genral_program.Data_Driven_frameworkTest@34f5090e]" started-at="2022-05-28T10:23:40 IST" name="googleTitleTest" finished-at="2022-05-28T10:23:40 IST" duration-ms="8" status="PASS">
          <reporter-output>
          </reporter-output>
        </test-method> <!-- googleTitleTest -->
        <test-method is-config="true" signature="logout()[pri:0, instance:Genral_program.Data_Driven_frameworkTest@34f5090e]" started-at="2022-05-28T10:23:40 IST" name="logout" finished-at="2022-05-28T10:23:40 IST" duration-ms="7" status="PASS">
          <reporter-output>
          </reporter-output>
        </test-method> <!-- logout -->
        <test-method is-config="true" signature="CloseBrowser()[pri:0, instance:Genral_program.Data_Driven_frameworkTest@34f5090e]" started-at="2022-05-28T10:23:40 IST" name="CloseBrowser" finished-at="2022-05-28T10:23:40 IST" duration-ms="4" status="PASS">
          <reporter-output>
          </reporter-output>
        </test-method> <!-- CloseBrowser -->
        <test-method is-config="true" signature="Deleteallcookies()[pri:0, instance:Genral_program.Data_Driven_frameworkTest@34f5090e]" started-at="2022-05-28T10:23:40 IST" name="Deleteallcookies" finished-at="2022-05-28T10:23:40 IST" duration-ms="1" status="PASS">
          <reporter-output>
          </reporter-output>
        </test-method> <!-- Deleteallcookies -->
        <test-method is-config="true" signature="genrateTestReport()[pri:0, instance:Genral_program.Data_Driven_frameworkTest@34f5090e]" started-at="2022-05-28T10:23:41 IST" name="genrateTestReport" finished-at="2022-05-28T10:23:41 IST" duration-ms="0" status="PASS">
          <reporter-output>
          </reporter-output>
        </test-method> <!-- genrateTestReport -->
      </class> <!-- Genral_program.Data_Driven_frameworkTest -->
    </test> <!-- Default test -->
  </suite> <!-- Default suite -->
</testng-results>
